
 Tue, 18 Dec 2018 07:42:06  Database backup is started.
 Tue, 18 Dec 2018 07:42:33  Log backup is started.Thu Dec 20 17:13:16 IST 2018
Installation of packages is started.
Thu Dec 20 17:13:32 IST 2018
Installation of packages is started.
E: Could not get lock /var/lib/apt/lists/lock - open (11: Resource temporarily unavailable)
E: Unable to lock directory /var/lib/apt/lists/
Installation of packages is Done.
W: GPG error: http://repo.mysql.com trusty InRelease: The following signatures were invalid: KEYEXPIRED 1487236823 KEYEXPIRED 1487236823 KEYEXPIRED 1487236823

 Mon, 24 Dec 2018 09:11:21  Database backup is started.
 Mon, 24 Dec 2018 09:12:08  Log backup is started.
 Tue, 25 Dec 2018 06:20:19  Platform setup is started.cp: cannot stat ‘/home/kolibri/.kolibri/db.sqlite3’: No such file or directory
[37mINFO     Running Kolibri with the following settings: kolibri.deployment.default.settings.base[0m
[37mINFO     Kolibri running for the first time.[0m
[37mINFO     We don't yet use pre-migrated database seeds, so you're going to have to wait a bit while we create a blank database...

[0m
[37mINFO     Automatically enabling applications.[0m
[37mINFO     Running update routines for new version...[0m
[37mINFO     Running Kolibri with the following settings: kolibri.deployment.default.settings.base[0m
Platform setup is done 
Tue May 28 14:49:08 IST 2019
Installation of packages is started.
Installation of packages is Done.

 Tue, 28 May 2019 10:18:38  Adding Learner setup is started.cp: cannot create regular file ‘/home/kolibri/Videos/’: Not a directory
E: Could not get lock /var/cache/apt/archives/lock - open (11: Resource temporarily unavailable)
E: Unable to lock directory /var/cache/apt/archives/

 Tue, 28 May 2019 11:02:46  Platform setup is started.cp: cannot create regular file ‘/home/kolibri/Videos/’: Not a directory
gpg: keyring `/tmp/tmp8svdvg05/secring.gpg' created
gpg: keyring `/tmp/tmp8svdvg05/pubring.gpg' created
gpg: requesting key 3194DD81 from hkp server keyserver.ubuntu.com
gpg: /tmp/tmp8svdvg05/trustdb.gpg: trustdb created
gpg: key 3194DD81: public key "Launchpad PPA for Foundation for Learning Equality" imported
gpg: Total number processed: 1
gpg:               imported: 1  (RSA: 1)

 Tue, 28 May 2019 11:04:50  Platform setup is started.chattr: No such file or directory while trying to stat /home/kolibri/*.pex
chmod: cannot access ‘/home/kolibri/*.pex’: No such file or directory
cp: cannot create regular file ‘/home/kolibri/Videos/’: Not a directory
E: Could not get lock /var/lib/dpkg/lock - open (11: Resource temporarily unavailable)
E: Unable to lock the administration directory (/var/lib/dpkg/), is another process using it?
gpg: keyring `/tmp/tmpkm0nkjvi/secring.gpg' created
gpg: keyring `/tmp/tmpkm0nkjvi/pubring.gpg' created
gpg: requesting key 3194DD81 from hkp server keyserver.ubuntu.com
gpg: /tmp/tmpkm0nkjvi/trustdb.gpg: trustdb created
gpg: key 3194DD81: public key "Launchpad PPA for Foundation for Learning Equality" imported
gpg: Total number processed: 1
gpg:               imported: 1  (RSA: 1)
E: Could not get lock /var/lib/dpkg/lock - open (11: Resource temporarily unavailable)
E: Unable to lock the administration directory (/var/lib/dpkg/), is another process using it?
E: Could not get lock /var/lib/dpkg/lock - open (11: Resource temporarily unavailable)
E: Unable to lock the administration directory (/var/lib/dpkg/), is another process using it?
Platform setup is done 

 Tue, 28 May 2019 11:10:54  Database backup is started.
 Tue, 28 May 2019 11:10:58  Log backup is started.
 Tue, 28 May 2019 11:11:40  Export Learner is started.
 Tue, 28 May 2019 11:25:49  Export Learner is started.
 Tue, 28 May 2019 11:25:53  Adding Learner setup is started.cp: cannot create regular file ‘/home/kolibri/Videos/’: Not a directory
E: dpkg was interrupted, you must manually run 'sudo dpkg --configure -a' to correct the problem. 
E: dpkg was interrupted, you must manually run 'sudo dpkg --configure -a' to correct the problem. 

 Tue, 28 May 2019 11:31:29  Nginx setup is started.gpg: keyring `/tmp/tmpxy5py2dg/secring.gpg' created
gpg: keyring `/tmp/tmpxy5py2dg/pubring.gpg' created
gpg: requesting key C300EE8C from hkp server keyserver.ubuntu.com
gpg: /tmp/tmpxy5py2dg/trustdb.gpg: trustdb created
gpg: key C300EE8C: public key "Launchpad Stable" imported
gpg: no ultimately trusted keys found
gpg: Total number processed: 1
gpg:               imported: 1  (RSA: 1)
E: dpkg was interrupted, you must manually run 'sudo dpkg --configure -a' to correct the problem. 
E: dpkg was interrupted, you must manually run 'sudo dpkg --configure -a' to correct the problem. 
nginx setup done

 Tue, 28 May 2019 11:38:26  Nginx setup is started.gpg: keyring `/tmp/tmpydsen579/secring.gpg' created
gpg: keyring `/tmp/tmpydsen579/pubring.gpg' created
gpg: requesting key C300EE8C from hkp server keyserver.ubuntu.com
gpg: /tmp/tmpydsen579/trustdb.gpg: trustdb created
gpg: key C300EE8C: public key "Launchpad Stable" imported
gpg: no ultimately trusted keys found
gpg: Total number processed: 1
gpg:               imported: 1  (RSA: 1)
E: dpkg was interrupted, you must manually run 'sudo dpkg --configure -a' to correct the problem. 
E: dpkg was interrupted, you must manually run 'sudo dpkg --configure -a' to correct the problem. 
nginx setup done

 Tue, 28 May 2019 11:44:26  Online setup is started.E: dpkg was interrupted, you must manually run 'sudo dpkg --configure -a' to correct the problem. 
gpg: keyring `/tmp/tmpk01dktoe/secring.gpg' created
gpg: keyring `/tmp/tmpk01dktoe/pubring.gpg' created
gpg: requesting key C300EE8C from hkp server keyserver.ubuntu.com
gpg: /tmp/tmpk01dktoe/trustdb.gpg: trustdb created
gpg: key C300EE8C: public key "Launchpad Stable" imported
gpg: no ultimately trusted keys found
gpg: Total number processed: 1
gpg:               imported: 1  (RSA: 1)
gpg: keyring `/tmp/tmpt454ttim/secring.gpg' created
gpg: keyring `/tmp/tmpt454ttim/pubring.gpg' created
gpg: requesting key 3194DD81 from hkp server keyserver.ubuntu.com
gpg: /tmp/tmpt454ttim/trustdb.gpg: trustdb created
gpg: key 3194DD81: public key "Launchpad PPA for Foundation for Learning Equality" imported
gpg: Total number processed: 1
gpg:               imported: 1  (RSA: 1)
cp: cannot create regular file ‘/home/kolibri/platform.sh’: Permission denied
chmod: changing permissions of ‘/home/kolibri/platform.sh’: Operation not permitted
cp: cannot create regular file ‘/home/kolibri/Desktop/script_sync.sh’: Permission denied
chmod: changing permissions of ‘/home/kolibri/Desktop/script_sync.sh’: Operation not permitted
Online setup Done

 Fri, 05 Jul 2019 06:20:18  Adding Learner setup is started.cp: cannot create regular file ‘/home/kolibri/Videos/’: Not a directory
W: Ignoring Provides line with DepCompareOp for package gdb-minimal
W: Ignoring Provides line with DepCompareOp for package gdb-minimal
W: You may want to run apt-get update to correct these problems

 Fri, 05 Jul 2019 06:54:18  Adding Learner setup is started.cp: cannot create regular file ‘/home/kolibri/Videos/’: Not a directory
W: Ignoring Provides line with DepCompareOp for package gdb-minimal
W: Ignoring Provides line with DepCompareOp for package gdb-minimal
W: You may want to run apt-get update to correct these problems

 Fri, 05 Jul 2019 06:57:14  Adding Learner setup is started.cp: cannot create regular file ‘/home/kolibri/Videos/’: Not a directory
W: Ignoring Provides line with DepCompareOp for package gdb-minimal
W: Ignoring Provides line with DepCompareOp for package gdb-minimal
W: You may want to run apt-get update to correct these problems

 Fri, 05 Jul 2019 07:00:34  Adding Learner setup is started.cp: cannot create regular file ‘/home/kolibri/Videos/’: Not a directory
W: Ignoring Provides line with DepCompareOp for package gdb-minimal
W: Ignoring Provides line with DepCompareOp for package gdb-minimal
W: You may want to run apt-get update to correct these problems

 Fri, 05 Jul 2019 07:08:05  Adding Learner setup is started.cp: cannot create regular file ‘/home/kolibri/Videos/’: Not a directory
W: Ignoring Provides line with DepCompareOp for package gdb-minimal
W: Ignoring Provides line with DepCompareOp for package gdb-minimal
W: You may want to run apt-get update to correct these problems

 Fri, 05 Jul 2019 07:12:36  Adding Learner setup is started.cp: cannot create regular file ‘/home/kolibri/Videos/’: Not a directory
W: Ignoring Provides line with DepCompareOp for package gdb-minimal
W: Ignoring Provides line with DepCompareOp for package gdb-minimal
W: You may want to run apt-get update to correct these problems

 Fri, 05 Jul 2019 07:21:36  Adding Learner setup is started.cp: cannot create regular file ‘/home/kolibri/Videos/’: Not a directory
W: Ignoring Provides line with DepCompareOp for package gdb-minimal
W: Ignoring Provides line with DepCompareOp for package gdb-minimal
W: You may want to run apt-get update to correct these problems
chattr: No such file or directory while trying to stat /home/kolibri/*.pex
chmod: cannot access ‘/home/kolibri/*.pex’: No such file or directory
cp: cannot create regular file ‘/home/kolibri/Videos/’: Not a directory
gpg: keyring `/tmp/tmp54b0z_5k/secring.gpg' created
gpg: keyring `/tmp/tmp54b0z_5k/pubring.gpg' created
gpg: requesting key 3194DD81 from hkp server keyserver.ubuntu.com
gpg: /tmp/tmp54b0z_5k/trustdb.gpg: trustdb created
gpg: key 3194DD81: public key "Launchpad PPA for Foundation for Learning Equality" imported
gpg: Total number processed: 1
gpg:               imported: 1  (RSA: 1)
W: Failed to fetch http://dl.google.com/linux/chrome/deb/dists/stable/Release  Unable to find expected entry 'main/binary-i386/Packages' in Release file (Wrong sources.list entry or malformed file)

E: Some index files failed to download. They have been ignored, or old ones used instead.
W: Duplicate sources.list entry http://dl.google.com/linux/chrome/deb/ stable/main amd64 Packages (/var/lib/apt/lists/dl.google.com_linux_chrome_deb_dists_stable_main_binary-amd64_Packages)
W: Duplicate sources.list entry http://dl.google.com/linux/chrome/deb/ stable/main amd64 Packages (/var/lib/apt/lists/dl.google.com_linux_chrome_deb_dists_stable_main_binary-amd64_Packages)
W: Ignoring Provides line with DepCompareOp for package gdb-minimal
W: Ignoring Provides line with DepCompareOp for package gdb-minimal
W: You may want to run apt-get update to correct these problems
Platform setup is done 
